This file contains any messages produced by compilers while
running configure, to aid debugging if configure makes a mistake.

It was created by configure, which was
generated by GNU Autoconf 2.67.  Invocation command line was

  $ ./configure 

## --------- ##
## Platform. ##
## --------- ##

hostname = ragnarok
uname -m = x86_64
uname -r = 4.15.0-156-generic
uname -s = Linux
uname -v = #163-Ubuntu SMP Thu Aug 19 23:31:58 UTC 2021

/usr/bin/uname -p = unknown
/bin/uname -X     = unknown

/bin/arch              = unknown
/usr/bin/arch -k       = unknown
/usr/convex/getsysinfo = unknown
/usr/bin/hostinfo      = unknown
/bin/machine           = unknown
/usr/bin/oslevel       = unknown
/bin/universe          = unknown

PATH: /usr/local/sbin
PATH: /usr/local/bin
PATH: /usr/sbin
PATH: /usr/bin
PATH: /sbin
PATH: /bin
PATH: /usr/games
PATH: /usr/local/games
PATH: /snap/bin


## ----------- ##
## Core tests. ##
## ----------- ##

configure:2183: checking for gcc
configure:2199: found /usr/bin/gcc
configure:2210: result: gcc
configure:2439: checking for C compiler version
configure:2448: gcc --version >&5
gcc (Ubuntu 7.5.0-3ubuntu1~18.04) 7.5.0
Copyright (C) 2017 Free Software Foundation, Inc.
This is free software; see the source for copying conditions.  There is NO
warranty; not even for MERCHANTABILITY or FITNESS FOR A PARTICULAR PURPOSE.

configure:2459: $? = 0
configure:2448: gcc -v >&5
Using built-in specs.
COLLECT_GCC=gcc
COLLECT_LTO_WRAPPER=/usr/lib/gcc/x86_64-linux-gnu/7/lto-wrapper
OFFLOAD_TARGET_NAMES=nvptx-none
OFFLOAD_TARGET_DEFAULT=1
Target: x86_64-linux-gnu
Configured with: ../src/configure -v --with-pkgversion='Ubuntu 7.5.0-3ubuntu1~18.04' --with-bugurl=file:///usr/share/doc/gcc-7/README.Bugs --enable-languages=c,ada,c++,go,brig,d,fortran,objc,obj-c++ --prefix=/usr --with-gcc-major-version-only --program-suffix=-7 --program-prefix=x86_64-linux-gnu- --enable-shared --enable-linker-build-id --libexecdir=/usr/lib --without-included-gettext --enable-threads=posix --libdir=/usr/lib --enable-nls --enable-bootstrap --enable-clocale=gnu --enable-libstdcxx-debug --enable-libstdcxx-time=yes --with-default-libstdcxx-abi=new --enable-gnu-unique-object --disable-vtable-verify --enable-libmpx --enable-plugin --enable-default-pie --with-system-zlib --with-target-system-zlib --enable-objc-gc=auto --enable-multiarch --disable-werror --with-arch-32=i686 --with-abi=m64 --with-multilib-list=m32,m64,mx32 --enable-multilib --with-tune=generic --enable-offload-targets=nvptx-none --without-cuda-driver --enable-checking=release --build=x86_64-linux-gnu --host=x86_64-linux-gnu --target=x86_64-linux-gnu
Thread model: posix
gcc version 7.5.0 (Ubuntu 7.5.0-3ubuntu1~18.04) 
configure:2459: $? = 0
configure:2448: gcc -V >&5
gcc: error: unrecognized command line option '-V'
gcc: fatal error: no input files
compilation terminated.
configure:2459: $? = 1
configure:2448: gcc -qversion >&5
gcc: error: unrecognized command line option '-qversion'; did you mean '--version'?
gcc: fatal error: no input files
compilation terminated.
configure:2459: $? = 1
configure:2479: checking whether the C compiler works
configure:2501: gcc    conftest.c  >&5
configure:2505: $? = 0
configure:2553: result: yes
configure:2556: checking for C compiler default output file name
configure:2558: result: a.out
configure:2564: checking for suffix of executables
configure:2571: gcc -o conftest    conftest.c  >&5
configure:2575: $? = 0
configure:2597: result: 
configure:2619: checking whether we are cross compiling
configure:2627: gcc -o conftest    conftest.c  >&5
configure:2631: $? = 0
configure:2638: ./conftest
configure:2642: $? = 0
configure:2657: result: no
configure:2662: checking for suffix of object files
configure:2684: gcc -c   conftest.c >&5
configure:2688: $? = 0
configure:2709: result: o
configure:2713: checking whether we are using the GNU C compiler
configure:2732: gcc -c   conftest.c >&5
configure:2732: $? = 0
configure:2741: result: yes
configure:2750: checking whether gcc accepts -g
configure:2770: gcc -c -g  conftest.c >&5
configure:2770: $? = 0
configure:2811: result: yes
configure:2828: checking for gcc option to accept ISO C89
configure:2892: gcc  -c -g -O2  conftest.c >&5
configure:2892: $? = 0
configure:2905: result: none needed
configure:2931: checking how to run the C preprocessor
configure:2962: gcc -E  conftest.c
configure:2962: $? = 0
configure:2976: gcc -E  conftest.c
conftest.c:9:10: fatal error: ac_nonexistent.h: No such file or directory
 #include <ac_nonexistent.h>
          ^~~~~~~~~~~~~~~~~~
compilation terminated.
configure:2976: $? = 1
configure: failed program was:
| /* confdefs.h */
| #define PACKAGE_NAME ""
| #define PACKAGE_TARNAME ""
| #define PACKAGE_VERSION ""
| #define PACKAGE_STRING ""
| #define PACKAGE_BUGREPORT ""
| #define PACKAGE_URL ""
| /* end confdefs.h.  */
| #include <ac_nonexistent.h>
configure:3001: result: gcc -E
configure:3021: gcc -E  conftest.c
configure:3021: $? = 0
configure:3035: gcc -E  conftest.c
conftest.c:9:10: fatal error: ac_nonexistent.h: No such file or directory
 #include <ac_nonexistent.h>
          ^~~~~~~~~~~~~~~~~~
compilation terminated.
configure:3035: $? = 1
configure: failed program was:
| /* confdefs.h */
| #define PACKAGE_NAME ""
| #define PACKAGE_TARNAME ""
| #define PACKAGE_VERSION ""
| #define PACKAGE_STRING ""
| #define PACKAGE_BUGREPORT ""
| #define PACKAGE_URL ""
| /* end confdefs.h.  */
| #include <ac_nonexistent.h>
configure:3064: checking for grep that handles long lines and -e
configure:3122: result: /bin/grep
configure:3127: checking for egrep
configure:3189: result: /bin/grep -E
configure:3194: checking for ANSI C header files
configure:3214: gcc -c -g -O2  conftest.c >&5
configure:3214: $? = 0
configure:3287: gcc -o conftest -g -O2   conftest.c  >&5
configure:3287: $? = 0
configure:3287: ./conftest
configure:3287: $? = 0
configure:3298: result: yes
configure:3311: checking for sys/types.h
configure:3311: gcc -c -g -O2  conftest.c >&5
configure:3311: $? = 0
configure:3311: result: yes
configure:3311: checking for sys/stat.h
configure:3311: gcc -c -g -O2  conftest.c >&5
configure:3311: $? = 0
configure:3311: result: yes
configure:3311: checking for stdlib.h
configure:3311: gcc -c -g -O2  conftest.c >&5
configure:3311: $? = 0
configure:3311: result: yes
configure:3311: checking for string.h
configure:3311: gcc -c -g -O2  conftest.c >&5
configure:3311: $? = 0
configure:3311: result: yes
configure:3311: checking for memory.h
configure:3311: gcc -c -g -O2  conftest.c >&5
configure:3311: $? = 0
configure:3311: result: yes
configure:3311: checking for strings.h
configure:3311: gcc -c -g -O2  conftest.c >&5
configure:3311: $? = 0
configure:3311: result: yes
configure:3311: checking for inttypes.h
configure:3311: gcc -c -g -O2  conftest.c >&5
configure:3311: $? = 0
configure:3311: result: yes
configure:3311: checking for stdint.h
configure:3311: gcc -c -g -O2  conftest.c >&5
configure:3311: $? = 0
configure:3311: result: yes
configure:3311: checking for unistd.h
configure:3311: gcc -c -g -O2  conftest.c >&5
configure:3311: $? = 0
configure:3311: result: yes
configure:3324: checking minix/config.h usability
configure:3324: gcc -c -g -O2  conftest.c >&5
conftest.c:52:10: fatal error: minix/config.h: No such file or directory
 #include <minix/config.h>
          ^~~~~~~~~~~~~~~~
compilation terminated.
configure:3324: $? = 1
configure: failed program was:
| /* confdefs.h */
| #define PACKAGE_NAME ""
| #define PACKAGE_TARNAME ""
| #define PACKAGE_VERSION ""
| #define PACKAGE_STRING ""
| #define PACKAGE_BUGREPORT ""
| #define PACKAGE_URL ""
| #define STDC_HEADERS 1
| #define HAVE_SYS_TYPES_H 1
| #define HAVE_SYS_STAT_H 1
| #define HAVE_STDLIB_H 1
| #define HAVE_STRING_H 1
| #define HAVE_MEMORY_H 1
| #define HAVE_STRINGS_H 1
| #define HAVE_INTTYPES_H 1
| #define HAVE_STDINT_H 1
| #define HAVE_UNISTD_H 1
| /* end confdefs.h.  */
| #include <stdio.h>
| #ifdef HAVE_SYS_TYPES_H
| # include <sys/types.h>
| #endif
| #ifdef HAVE_SYS_STAT_H
| # include <sys/stat.h>
| #endif
| #ifdef STDC_HEADERS
| # include <stdlib.h>
| # include <stddef.h>
| #else
| # ifdef HAVE_STDLIB_H
| #  include <stdlib.h>
| # endif
| #endif
| #ifdef HAVE_STRING_H
| # if !defined STDC_HEADERS && defined HAVE_MEMORY_H
| #  include <memory.h>
| # endif
| # include <string.h>
| #endif
| #ifdef HAVE_STRINGS_H
| # include <strings.h>
| #endif
| #ifdef HAVE_INTTYPES_H
| # include <inttypes.h>
| #endif
| #ifdef HAVE_STDINT_H
| # include <stdint.h>
| #endif
| #ifdef HAVE_UNISTD_H
| # include <unistd.h>
| #endif
| #include <minix/config.h>
configure:3324: result: no
configure:3324: checking minix/config.h presence
configure:3324: gcc -E  conftest.c
conftest.c:19:10: fatal error: minix/config.h: No such file or directory
 #include <minix/config.h>
          ^~~~~~~~~~~~~~~~
compilation terminated.
configure:3324: $? = 1
configure: failed program was:
| /* confdefs.h */
| #define PACKAGE_NAME ""
| #define PACKAGE_TARNAME ""
| #define PACKAGE_VERSION ""
| #define PACKAGE_STRING ""
| #define PACKAGE_BUGREPORT ""
| #define PACKAGE_URL ""
| #define STDC_HEADERS 1
| #define HAVE_SYS_TYPES_H 1
| #define HAVE_SYS_STAT_H 1
| #define HAVE_STDLIB_H 1
| #define HAVE_STRING_H 1
| #define HAVE_MEMORY_H 1
| #define HAVE_STRINGS_H 1
| #define HAVE_INTTYPES_H 1
| #define HAVE_STDINT_H 1
| #define HAVE_UNISTD_H 1
| /* end confdefs.h.  */
| #include <minix/config.h>
configure:3324: result: no
configure:3324: checking for minix/config.h
configure:3324: result: no
configure:3345: checking whether it is safe to define __EXTENSIONS__
configure:3363: gcc -c -g -O2  conftest.c >&5
configure:3363: $? = 0
configure:3370: result: yes
configure:3670: checking whether make sets $(MAKE)
configure:3692: result: yes
configure:3749: checking for gcc
configure:3776: result: gcc
configure:4005: checking for C compiler version
configure:4014: gcc --version >&5
gcc (Ubuntu 7.5.0-3ubuntu1~18.04) 7.5.0
Copyright (C) 2017 Free Software Foundation, Inc.
This is free software; see the source for copying conditions.  There is NO
warranty; not even for MERCHANTABILITY or FITNESS FOR A PARTICULAR PURPOSE.

configure:4025: $? = 0
configure:4014: gcc -v >&5
Using built-in specs.
COLLECT_GCC=gcc
COLLECT_LTO_WRAPPER=/usr/lib/gcc/x86_64-linux-gnu/7/lto-wrapper
OFFLOAD_TARGET_NAMES=nvptx-none
OFFLOAD_TARGET_DEFAULT=1
Target: x86_64-linux-gnu
Configured with: ../src/configure -v --with-pkgversion='Ubuntu 7.5.0-3ubuntu1~18.04' --with-bugurl=file:///usr/share/doc/gcc-7/README.Bugs --enable-languages=c,ada,c++,go,brig,d,fortran,objc,obj-c++ --prefix=/usr --with-gcc-major-version-only --program-suffix=-7 --program-prefix=x86_64-linux-gnu- --enable-shared --enable-linker-build-id --libexecdir=/usr/lib --without-included-gettext --enable-threads=posix --libdir=/usr/lib --enable-nls --enable-bootstrap --enable-clocale=gnu --enable-libstdcxx-debug --enable-libstdcxx-time=yes --with-default-libstdcxx-abi=new --enable-gnu-unique-object --disable-vtable-verify --enable-libmpx --enable-plugin --enable-default-pie --with-system-zlib --with-target-system-zlib --enable-objc-gc=auto --enable-multiarch --disable-werror --with-arch-32=i686 --with-abi=m64 --with-multilib-list=m32,m64,mx32 --enable-multilib --with-tune=generic --enable-offload-targets=nvptx-none --without-cuda-driver --enable-checking=release --build=x86_64-linux-gnu --host=x86_64-linux-gnu --target=x86_64-linux-gnu
Thread model: posix
gcc version 7.5.0 (Ubuntu 7.5.0-3ubuntu1~18.04) 
configure:4025: $? = 0
configure:4014: gcc -V >&5
gcc: error: unrecognized command line option '-V'
gcc: fatal error: no input files
compilation terminated.
configure:4025: $? = 1
configure:4014: gcc -qversion >&5
gcc: error: unrecognized command line option '-qversion'; did you mean '--version'?
gcc: fatal error: no input files
compilation terminated.
configure:4025: $? = 1
configure:4029: checking whether we are using the GNU C compiler
configure:4057: result: yes
configure:4066: checking whether gcc accepts -g
configure:4127: result: yes
configure:4144: checking for gcc option to accept ISO C89
configure:4221: result: none needed
configure:4246: checking how to run the C preprocessor
configure:4316: result: gcc -E
configure:4336: gcc -E  conftest.c
configure:4336: $? = 0
configure:4350: gcc -E  conftest.c
conftest.c:24:10: fatal error: ac_nonexistent.h: No such file or directory
 #include <ac_nonexistent.h>
          ^~~~~~~~~~~~~~~~~~
compilation terminated.
configure:4350: $? = 1
configure: failed program was:
| /* confdefs.h */
| #define PACKAGE_NAME ""
| #define PACKAGE_TARNAME ""
| #define PACKAGE_VERSION ""
| #define PACKAGE_STRING ""
| #define PACKAGE_BUGREPORT ""
| #define PACKAGE_URL ""
| #define STDC_HEADERS 1
| #define HAVE_SYS_TYPES_H 1
| #define HAVE_SYS_STAT_H 1
| #define HAVE_STDLIB_H 1
| #define HAVE_STRING_H 1
| #define HAVE_MEMORY_H 1
| #define HAVE_STRINGS_H 1
| #define HAVE_INTTYPES_H 1
| #define HAVE_STDINT_H 1
| #define HAVE_UNISTD_H 1
| #define __EXTENSIONS__ 1
| #define _ALL_SOURCE 1
| #define _GNU_SOURCE 1
| #define _POSIX_PTHREAD_SEMANTICS 1
| #define _TANDEM_SOURCE 1
| /* end confdefs.h.  */
| #include <ac_nonexistent.h>
configure:4380: checking for ar
configure:4398: found /usr/bin/ar
configure:4410: result: /usr/bin/ar
configure:4430: checking whether byte ordering is bigendian
configure:4445: gcc -c -g -O2 -DMAXCONN=16384 -pipe -ffast-math -Wall -Wno-sign-compare  -I../common conftest.c >&5
conftest.c:25:9: error: unknown type name 'not'
         not a universal capable compiler
         ^~~
conftest.c:25:15: error: expected '=', ',', ';', 'asm' or '__attribute__' before 'universal'
         not a universal capable compiler
               ^~~~~~~~~
conftest.c:25:15: error: unknown type name 'universal'
configure:4445: $? = 1
configure: failed program was:
| /* confdefs.h */
| #define PACKAGE_NAME ""
| #define PACKAGE_TARNAME ""
| #define PACKAGE_VERSION ""
| #define PACKAGE_STRING ""
| #define PACKAGE_BUGREPORT ""
| #define PACKAGE_URL ""
| #define STDC_HEADERS 1
| #define HAVE_SYS_TYPES_H 1
| #define HAVE_SYS_STAT_H 1
| #define HAVE_STDLIB_H 1
| #define HAVE_STRING_H 1
| #define HAVE_MEMORY_H 1
| #define HAVE_STRINGS_H 1
| #define HAVE_INTTYPES_H 1
| #define HAVE_STDINT_H 1
| #define HAVE_UNISTD_H 1
| #define __EXTENSIONS__ 1
| #define _ALL_SOURCE 1
| #define _GNU_SOURCE 1
| #define _POSIX_PTHREAD_SEMANTICS 1
| #define _TANDEM_SOURCE 1
| /* end confdefs.h.  */
| #ifndef __APPLE_CC__
| 	       not a universal capable compiler
| 	     #endif
| 	     typedef int dummy;
| 
configure:4490: gcc -c -g -O2 -DMAXCONN=16384 -pipe -ffast-math -Wall -Wno-sign-compare  -I../common conftest.c >&5
configure:4490: $? = 0
configure:4508: gcc -c -g -O2 -DMAXCONN=16384 -pipe -ffast-math -Wall -Wno-sign-compare  -I../common conftest.c >&5
conftest.c: In function 'main':
conftest.c:31:4: error: unknown type name 'not'; did you mean 'ino_t'?
    not big endian
    ^~~
    ino_t
conftest.c:31:12: error: expected '=', ',', ';', 'asm' or '__attribute__' before 'endian'
    not big endian
            ^~~~~~
configure:4508: $? = 1
configure: failed program was:
| /* confdefs.h */
| #define PACKAGE_NAME ""
| #define PACKAGE_TARNAME ""
| #define PACKAGE_VERSION ""
| #define PACKAGE_STRING ""
| #define PACKAGE_BUGREPORT ""
| #define PACKAGE_URL ""
| #define STDC_HEADERS 1
| #define HAVE_SYS_TYPES_H 1
| #define HAVE_SYS_STAT_H 1
| #define HAVE_STDLIB_H 1
| #define HAVE_STRING_H 1
| #define HAVE_MEMORY_H 1
| #define HAVE_STRINGS_H 1
| #define HAVE_INTTYPES_H 1
| #define HAVE_STDINT_H 1
| #define HAVE_UNISTD_H 1
| #define __EXTENSIONS__ 1
| #define _ALL_SOURCE 1
| #define _GNU_SOURCE 1
| #define _POSIX_PTHREAD_SEMANTICS 1
| #define _TANDEM_SOURCE 1
| /* end confdefs.h.  */
| #include <sys/types.h>
| 		#include <sys/param.h>
| 
| int
| main ()
| {
| #if BYTE_ORDER != BIG_ENDIAN
| 		 not big endian
| 		#endif
| 
|   ;
|   return 0;
| }
configure:4636: result: no
configure:4705: checking whether gcc produces 32bit code
configure:4723: gcc -o conftest -g -O2 -DMAXCONN=16384 -pipe -ffast-math -Wall -Wno-sign-compare  -I../common  conftest.c  >&5
configure:4723: $? = 0
configure:4723: ./conftest
configure:4723: $? = 1
configure: program exited with status 1
configure: failed program was:
| /* confdefs.h */
| #define PACKAGE_NAME ""
| #define PACKAGE_TARNAME ""
| #define PACKAGE_VERSION ""
| #define PACKAGE_STRING ""
| #define PACKAGE_BUGREPORT ""
| #define PACKAGE_URL ""
| #define STDC_HEADERS 1
| #define HAVE_SYS_TYPES_H 1
| #define HAVE_SYS_STAT_H 1
| #define HAVE_STDLIB_H 1
| #define HAVE_STRING_H 1
| #define HAVE_MEMORY_H 1
| #define HAVE_STRINGS_H 1
| #define HAVE_INTTYPES_H 1
| #define HAVE_STDINT_H 1
| #define HAVE_UNISTD_H 1
| #define __EXTENSIONS__ 1
| #define _ALL_SOURCE 1
| #define _GNU_SOURCE 1
| #define _POSIX_PTHREAD_SEMANTICS 1
| #define _TANDEM_SOURCE 1
| /* end confdefs.h.  */
| 
| 		int main(int argc, char **argv){
| 			if(sizeof(void*) == 4) return 0;
| 			else return 1;
| 		}
| 
configure:4732: result: no
configure:4746: checking whether gcc supports __thread specifier (TLS)
configure:4765: gcc -o conftest -g -O2 -DMAXCONN=16384 -pipe -ffast-math -Wall -Wno-sign-compare  -I../common  conftest.c  >&5
configure:4765: $? = 0
configure:4765: ./conftest
configure:4765: $? = 0
configure:4767: result: yes
configure:4784: checking whether gcc supports -Wno-unused-parameter
configure:4792: gcc -c -g -O2 -DMAXCONN=16384 -pipe -ffast-math -Wall -Wno-sign-compare -DHAS_TLS -Wno-unused-parameter  -I../common conftest.c >&5
configure:4792: $? = 0
configure:4793: result: yes
configure:4817: checking whether gcc supports -flto
configure:4834: gcc -o conftest -g -O2 -DMAXCONN=16384 -pipe -ffast-math -Wall -Wno-sign-compare -DHAS_TLS -Wno-unused-parameter -flto  -I../common  -flto conftest.c  >&5
configure:4834: $? = 0
configure:4834: ./conftest
configure:4834: $? = 0
configure:4836: result: yes
configure:4855: checking whether gcc supports -Wno-pointer-sign
configure:4863: gcc -c -g -O2 -DMAXCONN=16384 -pipe -ffast-math -Wall -Wno-sign-compare -DHAS_TLS -Wno-unused-parameter -flto -Wno-pointer-sign  -I../common conftest.c >&5
configure:4863: $? = 0
configure:4865: result: yes
configure:4867: checking whether gcc can actually use -Wno-pointer-sign
configure:4876: gcc -c -g -O2 -DMAXCONN=16384 -pipe -ffast-math -Wall -Wno-sign-compare -DHAS_TLS -Wno-unused-parameter -flto -Werror -Wno-pointer-sign  -I../common conftest.c >&5
configure:4876: $? = 0
configure:4878: result: yes
configure:4903: checking whether gcc supports -Wno-switch
configure:4911: gcc -c -g -O2 -DMAXCONN=16384 -pipe -ffast-math -Wall -Wno-sign-compare -DHAS_TLS -Wno-unused-parameter -flto -Wno-pointer-sign -Wno-switch  -I../common conftest.c >&5
configure:4911: $? = 0
configure:4912: result: yes
configure:4925: checking whether gcc supports -fPIC
configure:4933: gcc -c -g -O2 -DMAXCONN=16384 -pipe -ffast-math -Wall -Wno-sign-compare -DHAS_TLS -Wno-unused-parameter -flto -Wno-pointer-sign -Wno-switch -fPIC  -I../common conftest.c >&5
configure:4933: $? = 0
configure:4935: result: yes
configure:4954: checking whether gcc supports -fno-strict-aliasing
configure:4962: gcc -c -g -O2 -DMAXCONN=16384 -pipe -ffast-math -Wall -Wno-sign-compare -DHAS_TLS -Wno-unused-parameter -flto -Wno-pointer-sign -Wno-switch -fno-strict-aliasing  -I../common conftest.c >&5
configure:4962: $? = 0
configure:4963: result: yes
configure:4984: checking for setrlimit
configure:4984: gcc -o conftest -g -O2 -DMAXCONN=16384 -pipe -ffast-math -Wall -Wno-sign-compare -DHAS_TLS -Wno-unused-parameter -flto -Wno-pointer-sign -Wno-switch -fno-strict-aliasing  -I../common  -flto conftest.c  >&5
configure:4984: $? = 0
configure:4984: result: yes
configure:4994: checking for strnlen
configure:4994: gcc -o conftest -g -O2 -DMAXCONN=16384 -pipe -ffast-math -Wall -Wno-sign-compare -DHAS_TLS -Wno-unused-parameter -flto -Wno-pointer-sign -Wno-switch -fno-strict-aliasing -DHAVE_SETRLIMIT  -I../common  -flto conftest.c  >&5
configure:4994: $? = 0
configure:4994: result: yes
configure:5003: checking for uselocale
configure:5003: gcc -o conftest -g -O2 -DMAXCONN=16384 -pipe -ffast-math -Wall -Wno-sign-compare -DHAS_TLS -Wno-unused-parameter -flto -Wno-pointer-sign -Wno-switch -fno-strict-aliasing -DHAVE_SETRLIMIT -DHAVE_STRNLEN  -I../common  -flto conftest.c  >&5
configure:5003: $? = 0
configure:5003: result: yes
configure:5014: checking for newlocale
configure:5014: gcc -o conftest -g -O2 -DMAXCONN=16384 -pipe -ffast-math -Wall -Wno-sign-compare -DHAS_TLS -Wno-unused-parameter -flto -Wno-pointer-sign -Wno-switch -fno-strict-aliasing -DHAVE_SETRLIMIT -DHAVE_STRNLEN  -I../common  -flto conftest.c  >&5
configure:5014: $? = 0
configure:5014: result: yes
configure:5025: checking for freelocale
configure:5025: gcc -o conftest -g -O2 -DMAXCONN=16384 -pipe -ffast-math -Wall -Wno-sign-compare -DHAS_TLS -Wno-unused-parameter -flto -Wno-pointer-sign -Wno-switch -fno-strict-aliasing -DHAVE_SETRLIMIT -DHAVE_STRNLEN  -I../common  -flto conftest.c  >&5
configure:5025: $? = 0
configure:5025: result: yes
configure:5036: checking xlocale.h usability
configure:5036: gcc -c -g -O2 -DMAXCONN=16384 -pipe -ffast-math -Wall -Wno-sign-compare -DHAS_TLS -Wno-unused-parameter -flto -Wno-pointer-sign -Wno-switch -fno-strict-aliasing -DHAVE_SETRLIMIT -DHAVE_STRNLEN  -I../common conftest.c >&5
conftest.c:60:10: fatal error: xlocale.h: No such file or directory
 #include <xlocale.h>
          ^~~~~~~~~~~
compilation terminated.
configure:5036: $? = 1
configure: failed program was:
| /* confdefs.h */
| #define PACKAGE_NAME ""
| #define PACKAGE_TARNAME ""
| #define PACKAGE_VERSION ""
| #define PACKAGE_STRING ""
| #define PACKAGE_BUGREPORT ""
| #define PACKAGE_URL ""
| #define STDC_HEADERS 1
| #define HAVE_SYS_TYPES_H 1
| #define HAVE_SYS_STAT_H 1
| #define HAVE_STDLIB_H 1
| #define HAVE_STRING_H 1
| #define HAVE_MEMORY_H 1
| #define HAVE_STRINGS_H 1
| #define HAVE_INTTYPES_H 1
| #define HAVE_STDINT_H 1
| #define HAVE_UNISTD_H 1
| #define __EXTENSIONS__ 1
| #define _ALL_SOURCE 1
| #define _GNU_SOURCE 1
| #define _POSIX_PTHREAD_SEMANTICS 1
| #define _TANDEM_SOURCE 1
| #define HAVE_USELOCALE 1
| #define HAVE_NEWLOCALE 1
| #define HAVE_FREELOCALE 1
| /* end confdefs.h.  */
| #include <stdio.h>
| #ifdef HAVE_SYS_TYPES_H
| # include <sys/types.h>
| #endif
| #ifdef HAVE_SYS_STAT_H
| # include <sys/stat.h>
| #endif
| #ifdef STDC_HEADERS
| # include <stdlib.h>
| # include <stddef.h>
| #else
| # ifdef HAVE_STDLIB_H
| #  include <stdlib.h>
| # endif
| #endif
| #ifdef HAVE_STRING_H
| # if !defined STDC_HEADERS && defined HAVE_MEMORY_H
| #  include <memory.h>
| # endif
| # include <string.h>
| #endif
| #ifdef HAVE_STRINGS_H
| # include <strings.h>
| #endif
| #ifdef HAVE_INTTYPES_H
| # include <inttypes.h>
| #endif
| #ifdef HAVE_STDINT_H
| # include <stdint.h>
| #endif
| #ifdef HAVE_UNISTD_H
| # include <unistd.h>
| #endif
| #include <xlocale.h>
configure:5036: result: no
configure:5036: checking xlocale.h presence
configure:5036: gcc -E  -I../common conftest.c
conftest.c:27:10: fatal error: xlocale.h: No such file or directory
 #include <xlocale.h>
          ^~~~~~~~~~~
compilation terminated.
configure:5036: $? = 1
configure: failed program was:
| /* confdefs.h */
| #define PACKAGE_NAME ""
| #define PACKAGE_TARNAME ""
| #define PACKAGE_VERSION ""
| #define PACKAGE_STRING ""
| #define PACKAGE_BUGREPORT ""
| #define PACKAGE_URL ""
| #define STDC_HEADERS 1
| #define HAVE_SYS_TYPES_H 1
| #define HAVE_SYS_STAT_H 1
| #define HAVE_STDLIB_H 1
| #define HAVE_STRING_H 1
| #define HAVE_MEMORY_H 1
| #define HAVE_STRINGS_H 1
| #define HAVE_INTTYPES_H 1
| #define HAVE_STDINT_H 1
| #define HAVE_UNISTD_H 1
| #define __EXTENSIONS__ 1
| #define _ALL_SOURCE 1
| #define _GNU_SOURCE 1
| #define _POSIX_PTHREAD_SEMANTICS 1
| #define _TANDEM_SOURCE 1
| #define HAVE_USELOCALE 1
| #define HAVE_NEWLOCALE 1
| #define HAVE_FREELOCALE 1
| /* end confdefs.h.  */
| #include <xlocale.h>
configure:5036: result: no
configure:5036: checking for xlocale.h
configure:5036: result: no
configure:5168: checking for inflateEnd in -lz
configure:5193: gcc -o conftest -g -O2 -DMAXCONN=16384 -pipe -ffast-math -Wall -Wno-sign-compare -DHAS_TLS -Wno-unused-parameter -flto -Wno-pointer-sign -Wno-switch -fno-strict-aliasing -DHAVE_SETRLIMIT -DHAVE_STRNLEN -Wno-unused -Wno-parentheses  -I../common -I/usr/include  -flto -L/usr/lib conftest.c -lz   >&5
configure:5193: $? = 0
configure:5202: result: yes
configure:5215: checking zlib.h usability
configure:5215: gcc -c -g -O2 -DMAXCONN=16384 -pipe -ffast-math -Wall -Wno-sign-compare -DHAS_TLS -Wno-unused-parameter -flto -Wno-pointer-sign -Wno-switch -fno-strict-aliasing -DHAVE_SETRLIMIT -DHAVE_STRNLEN -Wno-unused -Wno-parentheses  -I../common -I/usr/include conftest.c >&5
configure:5215: $? = 0
configure:5215: result: yes
configure:5215: checking zlib.h presence
configure:5215: gcc -E  -I../common -I/usr/include conftest.c
configure:5215: $? = 0
configure:5215: result: yes
configure:5215: checking for zlib.h
configure:5215: result: yes
configure:5228: checking for library containing sqrt
configure:5259: gcc -o conftest -g -O2 -DMAXCONN=16384 -pipe -ffast-math -Wall -Wno-sign-compare -DHAS_TLS -Wno-unused-parameter -flto -Wno-pointer-sign -Wno-switch -fno-strict-aliasing -DHAVE_SETRLIMIT -DHAVE_STRNLEN -Wno-unused -Wno-parentheses  -I../common -I/usr/include  -flto -L/usr/lib conftest.c -lz  >&5
conftest.c:35:6: warning: conflicting types for built-in function 'sqrt' [-Wbuiltin-declaration-mismatch]
 char sqrt ();
      ^~~~
/tmp/ccjgeSP1.ltrans0.ltrans.o: In function `main':
/root/trunk/conftest.c:39: undefined reference to `sqrt'
collect2: error: ld returned 1 exit status
configure:5259: $? = 1
configure: failed program was:
| /* confdefs.h */
| #define PACKAGE_NAME ""
| #define PACKAGE_TARNAME ""
| #define PACKAGE_VERSION ""
| #define PACKAGE_STRING ""
| #define PACKAGE_BUGREPORT ""
| #define PACKAGE_URL ""
| #define STDC_HEADERS 1
| #define HAVE_SYS_TYPES_H 1
| #define HAVE_SYS_STAT_H 1
| #define HAVE_STDLIB_H 1
| #define HAVE_STRING_H 1
| #define HAVE_MEMORY_H 1
| #define HAVE_STRINGS_H 1
| #define HAVE_INTTYPES_H 1
| #define HAVE_STDINT_H 1
| #define HAVE_UNISTD_H 1
| #define __EXTENSIONS__ 1
| #define _ALL_SOURCE 1
| #define _GNU_SOURCE 1
| #define _POSIX_PTHREAD_SEMANTICS 1
| #define _TANDEM_SOURCE 1
| #define HAVE_USELOCALE 1
| #define HAVE_NEWLOCALE 1
| #define HAVE_FREELOCALE 1
| #define HAVE_LIBZ 1
| /* end confdefs.h.  */
| 
| /* Override any GCC internal prototype to avoid an error.
|    Use char because int might match the return type of a GCC
|    builtin and then its argument prototype would still apply.  */
| #ifdef __cplusplus
| extern "C"
| #endif
| char sqrt ();
| int
| main ()
| {
| return sqrt ();
|   ;
|   return 0;
| }
configure:5259: gcc -o conftest -g -O2 -DMAXCONN=16384 -pipe -ffast-math -Wall -Wno-sign-compare -DHAS_TLS -Wno-unused-parameter -flto -Wno-pointer-sign -Wno-switch -fno-strict-aliasing -DHAVE_SETRLIMIT -DHAVE_STRNLEN -Wno-unused -Wno-parentheses  -I../common -I/usr/include  -flto -L/usr/lib conftest.c -lm  -lz  >&5
conftest.c:35:6: warning: conflicting types for built-in function 'sqrt' [-Wbuiltin-declaration-mismatch]
 char sqrt ();
      ^~~~
configure:5259: $? = 0
configure:5276: result: -lm
configure:5291: checking for library containing clock_gettime
configure:5322: gcc -o conftest -g -O2 -DMAXCONN=16384 -pipe -ffast-math -Wall -Wno-sign-compare -DHAS_TLS -Wno-unused-parameter -flto -Wno-pointer-sign -Wno-switch -fno-strict-aliasing -DHAVE_SETRLIMIT -DHAVE_STRNLEN -Wno-unused -Wno-parentheses  -I../common -I/usr/include  -flto -L/usr/lib conftest.c -lm -lz  >&5
configure:5322: $? = 0
configure:5339: result: none required
configure:5358: checking whether CLOCK_MONOTONIC is supported and works
configure:5381: gcc -o conftest -g -O2 -DMAXCONN=16384 -pipe -ffast-math -Wall -Wno-sign-compare -DHAS_TLS -Wno-unused-parameter -flto -Wno-pointer-sign -Wno-switch -fno-strict-aliasing -DHAVE_SETRLIMIT -DHAVE_STRNLEN -Wno-unused -Wno-parentheses  -I../common -I/usr/include  -flto -L/usr/lib conftest.c -lm -lz  >&5
configure:5381: $? = 0
configure:5381: ./conftest
configure:5381: $? = 0
configure:5383: result: yes
configure:5405: checking for pthread_create in -lpthread
configure:5430: gcc -o conftest -g -O2 -DMAXCONN=16384 -pipe -ffast-math -Wall -Wno-sign-compare -DHAS_TLS -Wno-unused-parameter -flto -Wno-pointer-sign -Wno-switch -fno-strict-aliasing -DHAVE_SETRLIMIT -DHAVE_STRNLEN -Wno-unused -Wno-parentheses -DHAVE_MONOTONIC_CLOCK  -I../common -I/usr/include  -flto -L/usr/lib conftest.c -lpthread  -lm -lz  >&5
configure:5430: $? = 0
configure:5439: result: yes
configure:5452: checking for pthread_sigmask in -lpthread
configure:5477: gcc -o conftest -g -O2 -DMAXCONN=16384 -pipe -ffast-math -Wall -Wno-sign-compare -DHAS_TLS -Wno-unused-parameter -flto -Wno-pointer-sign -Wno-switch -fno-strict-aliasing -DHAVE_SETRLIMIT -DHAVE_STRNLEN -Wno-unused -Wno-parentheses -DHAVE_MONOTONIC_CLOCK  -I../common -I/usr/include  -flto -L/usr/lib conftest.c -lpthread  -lpthread -lm -lz  >&5
configure:5477: $? = 0
configure:5486: result: yes
configure:5499: checking for pthread_attr_init in -lpthread
configure:5524: gcc -o conftest -g -O2 -DMAXCONN=16384 -pipe -ffast-math -Wall -Wno-sign-compare -DHAS_TLS -Wno-unused-parameter -flto -Wno-pointer-sign -Wno-switch -fno-strict-aliasing -DHAVE_SETRLIMIT -DHAVE_STRNLEN -Wno-unused -Wno-parentheses -DHAVE_MONOTONIC_CLOCK  -I../common -I/usr/include  -flto -L/usr/lib conftest.c -lpthread  -lpthread -lpthread -lm -lz  >&5
configure:5524: $? = 0
configure:5533: result: yes
configure:5546: checking for pthread_attr_setstacksize in -lpthread
configure:5571: gcc -o conftest -g -O2 -DMAXCONN=16384 -pipe -ffast-math -Wall -Wno-sign-compare -DHAS_TLS -Wno-unused-parameter -flto -Wno-pointer-sign -Wno-switch -fno-strict-aliasing -DHAVE_SETRLIMIT -DHAVE_STRNLEN -Wno-unused -Wno-parentheses -DHAVE_MONOTONIC_CLOCK  -I../common -I/usr/include  -flto -L/usr/lib conftest.c -lpthread  -lpthread -lpthread -lpthread -lm -lz  >&5
configure:5571: $? = 0
configure:5580: result: yes
configure:5593: checking for pthread_attr_destroy in -lpthread
configure:5618: gcc -o conftest -g -O2 -DMAXCONN=16384 -pipe -ffast-math -Wall -Wno-sign-compare -DHAS_TLS -Wno-unused-parameter -flto -Wno-pointer-sign -Wno-switch -fno-strict-aliasing -DHAVE_SETRLIMIT -DHAVE_STRNLEN -Wno-unused -Wno-parentheses -DHAVE_MONOTONIC_CLOCK  -I../common -I/usr/include  -flto -L/usr/lib conftest.c -lpthread  -lpthread -lpthread -lpthread -lpthread -lm -lz  >&5
configure:5618: $? = 0
configure:5627: result: yes
configure:5640: checking for pthread_cancel in -lpthread
configure:5665: gcc -o conftest -g -O2 -DMAXCONN=16384 -pipe -ffast-math -Wall -Wno-sign-compare -DHAS_TLS -Wno-unused-parameter -flto -Wno-pointer-sign -Wno-switch -fno-strict-aliasing -DHAVE_SETRLIMIT -DHAVE_STRNLEN -Wno-unused -Wno-parentheses -DHAVE_MONOTONIC_CLOCK  -I../common -I/usr/include  -flto -L/usr/lib conftest.c -lpthread  -lpthread -lpthread -lpthread -lpthread -lpthread -lm -lz  >&5
configure:5665: $? = 0
configure:5674: result: yes
configure:5687: checking for pthread_join in -lpthread
configure:5712: gcc -o conftest -g -O2 -DMAXCONN=16384 -pipe -ffast-math -Wall -Wno-sign-compare -DHAS_TLS -Wno-unused-parameter -flto -Wno-pointer-sign -Wno-switch -fno-strict-aliasing -DHAVE_SETRLIMIT -DHAVE_STRNLEN -Wno-unused -Wno-parentheses -DHAVE_MONOTONIC_CLOCK  -I../common -I/usr/include  -flto -L/usr/lib conftest.c -lpthread  -lpthread -lpthread -lpthread -lpthread -lpthread -lpthread -lm -lz  >&5
configure:5712: $? = 0
configure:5721: result: yes
configure:5745: checking for mysql_config
configure:5763: found /usr/bin/mysql_config
configure:5776: result: /usr/bin/mysql_config
configure:5800: checking for mysql_init in -lmysqlclient
configure:5825: gcc -o conftest -g -O2 -DMAXCONN=16384 -pipe -ffast-math -Wall -Wno-sign-compare -DHAS_TLS -Wno-unused-parameter -flto -Wno-pointer-sign -Wno-switch -fno-strict-aliasing -DHAVE_SETRLIMIT -DHAVE_STRNLEN -Wno-unused -Wno-parentheses -DHAVE_MONOTONIC_CLOCK  -I../common -I/usr/include -I/usr/include/mysql  -flto -L/usr/lib -lpthread -L/usr/lib/x86_64-linux-gnu -lmysqlclient -lpthread -lz -lm -lrt -latomic -lssl -lcrypto -ldl conftest.c -lmysqlclient  -lpthread -lpthread -lpthread -lpthread -lpthread -lpthread -lpthread -lm -lz  >&5
configure:5825: $? = 0
configure:5834: result: yes
configure:5840: checking mysql.h usability
configure:5840: gcc -c -g -O2 -DMAXCONN=16384 -pipe -ffast-math -Wall -Wno-sign-compare -DHAS_TLS -Wno-unused-parameter -flto -Wno-pointer-sign -Wno-switch -fno-strict-aliasing -DHAVE_SETRLIMIT -DHAVE_STRNLEN -Wno-unused -Wno-parentheses -DHAVE_MONOTONIC_CLOCK  -I../common -I/usr/include -I/usr/include/mysql conftest.c >&5
configure:5840: $? = 0
configure:5840: result: yes
configure:5840: checking mysql.h presence
configure:5840: gcc -E  -I../common -I/usr/include -I/usr/include/mysql conftest.c
configure:5840: $? = 0
configure:5840: result: yes
configure:5840: checking for mysql.h
configure:5840: result: yes
configure:5851: checking MySQL library (required)
configure:5854: result: yes (5.7.38)
configure:5880: checking for pcre_study in -lpcre
configure:5905: gcc -o conftest -g -O2 -DMAXCONN=16384 -pipe -ffast-math -Wall -Wno-sign-compare -DHAS_TLS -Wno-unused-parameter -flto -Wno-pointer-sign -Wno-switch -fno-strict-aliasing -DHAVE_SETRLIMIT -DHAVE_STRNLEN -Wno-unused -Wno-parentheses -DHAVE_MONOTONIC_CLOCK  -I../common -I/usr/include  -flto -L/usr/lib -lpthread conftest.c -lpcre  -lpthread -lpthread -lpthread -lpthread -lpthread -lpthread -lpthread -lm -lz  >&5
configure:5905: $? = 0
configure:5914: result: yes
configure:5973: checking PCRE library (optional)
configure:5976: result: yes
configure:5998: checking host OS
configure:6001: result: Linux
configure:6026: checking for MinGW
configure:6037: result: no
configure:6184: creating ./config.status

## ---------------------- ##
## Running config.status. ##
## ---------------------- ##

This file was extended by config.status, which was
generated by GNU Autoconf 2.67.  Invocation command line was

  CONFIG_FILES    = 
  CONFIG_HEADERS  = 
  CONFIG_LINKS    = 
  CONFIG_COMMANDS = 
  $ ./config.status 

on ragnarok

config.status:754: creating Makefile
config.status:754: creating src/common/Makefile
config.status:754: creating 3rdparty/mt19937ar/Makefile
config.status:754: creating 3rdparty/libconfig/Makefile
config.status:754: creating src/char/Makefile
config.status:754: creating src/login/Makefile
config.status:754: creating src/map/Makefile
config.status:754: creating src/tool/Makefile
config.status:754: creating src/test/Makefile

## ---------------- ##
## Cache variables. ##
## ---------------- ##

ac_cv_c_bigendian=no
ac_cv_c_compiler_gnu=yes
ac_cv_env_CC_set=
ac_cv_env_CC_value=
ac_cv_env_CFLAGS_set=
ac_cv_env_CFLAGS_value=
ac_cv_env_CPPFLAGS_set=
ac_cv_env_CPPFLAGS_value=
ac_cv_env_CPP_set=
ac_cv_env_CPP_value=
ac_cv_env_LDFLAGS_set=
ac_cv_env_LDFLAGS_value=
ac_cv_env_LIBS_set=
ac_cv_env_LIBS_value=
ac_cv_env_build_alias_set=
ac_cv_env_build_alias_value=
ac_cv_env_host_alias_set=
ac_cv_env_host_alias_value=
ac_cv_env_target_alias_set=
ac_cv_env_target_alias_value=
ac_cv_func_freelocale=yes
ac_cv_func_newlocale=yes
ac_cv_func_setrlimit=yes
ac_cv_func_strnlen=yes
ac_cv_func_uselocale=yes
ac_cv_header_inttypes_h=yes
ac_cv_header_memory_h=yes
ac_cv_header_minix_config_h=no
ac_cv_header_mysql_h=yes
ac_cv_header_stdc=yes
ac_cv_header_stdint_h=yes
ac_cv_header_stdlib_h=yes
ac_cv_header_string_h=yes
ac_cv_header_strings_h=yes
ac_cv_header_sys_stat_h=yes
ac_cv_header_sys_types_h=yes
ac_cv_header_unistd_h=yes
ac_cv_header_xlocale_h=no
ac_cv_header_zlib_h=yes
ac_cv_lib_mysqlclient_mysql_init=yes
ac_cv_lib_pcre_pcre_study=yes
ac_cv_lib_pthread_pthread_attr_destroy=yes
ac_cv_lib_pthread_pthread_attr_init=yes
ac_cv_lib_pthread_pthread_attr_setstacksize=yes
ac_cv_lib_pthread_pthread_cancel=yes
ac_cv_lib_pthread_pthread_create=yes
ac_cv_lib_pthread_pthread_join=yes
ac_cv_lib_pthread_pthread_sigmask=yes
ac_cv_lib_z_inflateEnd=yes
ac_cv_objext=o
ac_cv_path_AR=/usr/bin/ar
ac_cv_path_EGREP='/bin/grep -E'
ac_cv_path_GREP=/bin/grep
ac_cv_path_MYSQL_CONFIG_HOME=/usr/bin/mysql_config
ac_cv_prog_CPP='gcc -E'
ac_cv_prog_ac_ct_CC=gcc
ac_cv_prog_cc_c89=
ac_cv_prog_cc_g=yes
ac_cv_prog_make_make_set=yes
ac_cv_safe_to_define___extensions__=yes
ac_cv_search_clock_gettime='none required'
ac_cv_search_sqrt=-lm

## ----------------- ##
## Output variables. ##
## ----------------- ##

AR='/usr/bin/ar'
CC='gcc'
CFLAGS='-g -O2 -DMAXCONN=16384 -pipe -ffast-math -Wall -Wno-sign-compare -DHAS_TLS -Wno-unused-parameter -flto -Wno-pointer-sign -Wno-switch -fno-strict-aliasing -DHAVE_SETRLIMIT -DHAVE_STRNLEN -Wno-unused -Wno-parentheses -DHAVE_MONOTONIC_CLOCK'
CPP='gcc -E'
CPPFLAGS=' -I../common -I/usr/include'
DEFS='-DPACKAGE_NAME=\"\" -DPACKAGE_TARNAME=\"\" -DPACKAGE_VERSION=\"\" -DPACKAGE_STRING=\"\" -DPACKAGE_BUGREPORT=\"\" -DPACKAGE_URL=\"\" -DSTDC_HEADERS=1 -DHAVE_SYS_TYPES_H=1 -DHAVE_SYS_STAT_H=1 -DHAVE_STDLIB_H=1 -DHAVE_STRING_H=1 -DHAVE_MEMORY_H=1 -DHAVE_STRINGS_H=1 -DHAVE_INTTYPES_H=1 -DHAVE_STDINT_H=1 -DHAVE_UNISTD_H=1 -D__EXTENSIONS__=1 -D_ALL_SOURCE=1 -D_GNU_SOURCE=1 -D_POSIX_PTHREAD_SEMANTICS=1 -D_TANDEM_SOURCE=1 -DHAVE_USELOCALE=1 -DHAVE_NEWLOCALE=1 -DHAVE_FREELOCALE=1 -DHAVE_LIBZ=1 -DHAVE_LIBPTHREAD=1 -DHAVE_LIBPTHREAD=1 -DHAVE_LIBPTHREAD=1 -DHAVE_LIBPTHREAD=1 -DHAVE_LIBPTHREAD=1 -DHAVE_LIBPTHREAD=1 -DHAVE_LIBPTHREAD=1'
DLLEXT='.so'
ECHO_C=''
ECHO_N='-n'
ECHO_T=''
EGREP='/bin/grep -E'
EXEEXT=''
GREP='/bin/grep'
HAVE_MYSQL='yes'
HAVE_PCRE='yes'
LDFLAGS=' -flto -L/usr/lib -lpthread'
LIBOBJS=''
LIBS='-lpthread -lpthread -lpthread -lpthread -lpthread -lpthread -lpthread -lm -lz  -ldl'
LTLIBOBJS=''
MYSQL_CFLAGS='-I/usr/include/mysql'
MYSQL_CONFIG_HOME='/usr/bin/mysql_config'
MYSQL_LIBS='-L/usr/lib/x86_64-linux-gnu -lmysqlclient -lpthread -lz -lm -lrt -latomic -lssl -lcrypto -ldl'
MYSQL_VERSION='5.7.38'
OBJEXT='o'
PACKAGE_BUGREPORT=''
PACKAGE_NAME=''
PACKAGE_STRING=''
PACKAGE_TARNAME=''
PACKAGE_URL=''
PACKAGE_VERSION=''
PATH_SEPARATOR=':'
PCRE_CFLAGS=''
PCRE_LIBS='-lpcre'
SET_MAKE=''
SHELL='/bin/bash'
ac_ct_CC='gcc'
bindir='${exec_prefix}/bin'
build_alias=''
datadir='${datarootdir}'
datarootdir='${prefix}/share'
docdir='${datarootdir}/doc/${PACKAGE}'
dvidir='${docdir}'
exec_prefix='${prefix}'
host_alias=''
htmldir='${docdir}'
includedir='${prefix}/include'
infodir='${datarootdir}/info'
libdir='${exec_prefix}/lib'
libexecdir='${exec_prefix}/libexec'
localedir='${datarootdir}/locale'
localstatedir='${prefix}/var'
mandir='${datarootdir}/man'
oldincludedir='/usr/include'
pdfdir='${docdir}'
prefix='/usr/local'
program_transform_name='s,x,x,'
psdir='${docdir}'
sbindir='${exec_prefix}/sbin'
sharedstatedir='${prefix}/com'
sysconfdir='${prefix}/etc'
target_alias=''

## ----------- ##
## confdefs.h. ##
## ----------- ##

/* confdefs.h */
#define PACKAGE_NAME ""
#define PACKAGE_TARNAME ""
#define PACKAGE_VERSION ""
#define PACKAGE_STRING ""
#define PACKAGE_BUGREPORT ""
#define PACKAGE_URL ""
#define STDC_HEADERS 1
#define HAVE_SYS_TYPES_H 1
#define HAVE_SYS_STAT_H 1
#define HAVE_STDLIB_H 1
#define HAVE_STRING_H 1
#define HAVE_MEMORY_H 1
#define HAVE_STRINGS_H 1
#define HAVE_INTTYPES_H 1
#define HAVE_STDINT_H 1
#define HAVE_UNISTD_H 1
#define __EXTENSIONS__ 1
#define _ALL_SOURCE 1
#define _GNU_SOURCE 1
#define _POSIX_PTHREAD_SEMANTICS 1
#define _TANDEM_SOURCE 1
#define HAVE_USELOCALE 1
#define HAVE_NEWLOCALE 1
#define HAVE_FREELOCALE 1
#define HAVE_LIBZ 1
#define HAVE_LIBPTHREAD 1
#define HAVE_LIBPTHREAD 1
#define HAVE_LIBPTHREAD 1
#define HAVE_LIBPTHREAD 1
#define HAVE_LIBPTHREAD 1
#define HAVE_LIBPTHREAD 1
#define HAVE_LIBPTHREAD 1

configure: exit 0
